16-Dec-2024 11:42:28.124 INFO [main] org.apache.catalina.startup.VersionLoggerListener.log Server version name:   Apache Tomcat/9.0.98
16-Dec-2024 11:42:28.126 INFO [main] org.apache.catalina.startup.VersionLoggerListener.log Server built:          Dec 5 2024 19:50:29 UTC
16-Dec-2024 11:42:28.126 INFO [main] org.apache.catalina.startup.VersionLoggerListener.log Server version number: 9.0.98.0
16-Dec-2024 11:42:28.126 INFO [main] org.apache.catalina.startup.VersionLoggerListener.log OS Name:               Windows 11
16-Dec-2024 11:42:28.127 INFO [main] org.apache.catalina.startup.VersionLoggerListener.log OS Version:            10.0
16-Dec-2024 11:42:28.127 INFO [main] org.apache.catalina.startup.VersionLoggerListener.log Architecture:          amd64
16-Dec-2024 11:42:28.127 INFO [main] org.apache.catalina.startup.VersionLoggerListener.log Java Home:             C:\Users\DELL\.jdks\corretto-1.8.0_422\jre
16-Dec-2024 11:42:28.127 INFO [main] org.apache.catalina.startup.VersionLoggerListener.log JVM Version:           1.8.0_422-b05
16-Dec-2024 11:42:28.127 INFO [main] org.apache.catalina.startup.VersionLoggerListener.log JVM Vendor:            Amazon.com Inc.
16-Dec-2024 11:42:28.127 INFO [main] org.apache.catalina.startup.VersionLoggerListener.log CATALINA_BASE:         E:\web\Fawry\Week3\ServletTask
16-Dec-2024 11:42:28.127 INFO [main] org.apache.catalina.startup.VersionLoggerListener.log CATALINA_HOME:         C:\Users\DELL\Desktop\apache-tomcat-9.0.98
16-Dec-2024 11:42:28.128 INFO [main] org.apache.catalina.startup.VersionLoggerListener.log Command line argument: -Dcatalina.home=C:\Users\DELL\Desktop\apache-tomcat-9.0.98
16-Dec-2024 11:42:28.128 INFO [main] org.apache.catalina.startup.VersionLoggerListener.log Command line argument: -Dcatalina.base=E:\web\Fawry\Week3\ServletTask
16-Dec-2024 11:42:28.128 INFO [main] org.apache.catalina.startup.VersionLoggerListener.log Command line argument: -Djava.io.tmpdir=E:\web\Fawry\Week3\ServletTask\temp
16-Dec-2024 11:42:28.128 INFO [main] org.apache.catalina.startup.VersionLoggerListener.log Command line argument: -Djava.util.logging.config.file=E:\web\Fawry\Week3\ServletTask\conf\logging.properties
16-Dec-2024 11:42:28.128 INFO [main] org.apache.catalina.startup.VersionLoggerListener.log Command line argument: -Djava.util.logging.manager=org.apache.juli.ClassLoaderLogManager
16-Dec-2024 11:42:28.128 INFO [main] org.apache.catalina.startup.VersionLoggerListener.log Command line argument: -javaagent:C:\Program Files\JetBrains\IntelliJ IDEA Community Edition 2023.3.7\lib\idea_rt.jar=51034:C:\Program Files\JetBrains\IntelliJ IDEA Community Edition 2023.3.7\bin
16-Dec-2024 11:42:28.128 INFO [main] org.apache.catalina.startup.VersionLoggerListener.log Command line argument: -Dfile.encoding=UTF-8
16-Dec-2024 11:42:28.249 INFO [main] org.apache.catalina.core.AprLifecycleListener.lifecycleEvent Loaded Apache Tomcat Native library [1.3.1] using APR version [1.7.4].
16-Dec-2024 11:42:28.249 INFO [main] org.apache.catalina.core.AprLifecycleListener.lifecycleEvent APR capabilities: IPv6 [true], sendfile [true], accept filters [false], random [true], UDS [true].
16-Dec-2024 11:42:28.249 INFO [main] org.apache.catalina.core.AprLifecycleListener.lifecycleEvent APR/OpenSSL configuration: useAprConnector [false], useOpenSSL [true]
16-Dec-2024 11:42:28.279 INFO [main] org.apache.catalina.core.AprLifecycleListener.initializeSSL OpenSSL successfully initialized [OpenSSL 3.0.14 4 Jun 2024]
16-Dec-2024 11:42:28.542 INFO [main] org.apache.coyote.AbstractProtocol.init Initializing ProtocolHandler ["http-nio-8080"]
16-Dec-2024 11:42:28.550 SEVERE [main] org.apache.catalina.util.LifecycleBase.handleSubClassException Failed to initialize component [Connector["http-nio-8080"]]
	org.apache.catalina.LifecycleException: Protocol handler initialization failed
		at org.apache.catalina.connector.Connector.initInternal(Connector.java:1027)
		at org.apache.catalina.util.LifecycleBase.init(LifecycleBase.java:122)
		at org.apache.catalina.core.StandardService.initInternal(StandardService.java:525)
		at org.apache.catalina.util.LifecycleBase.init(LifecycleBase.java:122)
		at org.apache.catalina.core.StandardServer.initInternal(StandardServer.java:986)
		at org.apache.catalina.util.LifecycleBase.init(LifecycleBase.java:122)
		at org.apache.catalina.startup.Catalina.load(Catalina.java:690)
		at org.apache.catalina.startup.Catalina.load(Catalina.java:713)
		at sun.reflect.NativeMethodAccessorImpl.invoke0(Native Method)
		at sun.reflect.NativeMethodAccessorImpl.invoke(NativeMethodAccessorImpl.java:62)
		at sun.reflect.DelegatingMethodAccessorImpl.invoke(DelegatingMethodAccessorImpl.java:43)
		at java.lang.reflect.Method.invoke(Method.java:498)
		at org.apache.catalina.startup.Bootstrap.load(Bootstrap.java:302)
		at org.apache.catalina.startup.Bootstrap.main(Bootstrap.java:472)
	Caused by: java.net.BindException: Address already in use: bind
		at sun.nio.ch.Net.bind0(Native Method)
		at sun.nio.ch.Net.bind(Net.java:461)
		at sun.nio.ch.Net.bind(Net.java:453)
		at sun.nio.ch.ServerSocketChannelImpl.bind(ServerSocketChannelImpl.java:222)
		at org.apache.tomcat.util.net.NioEndpoint.initServerSocket(NioEndpoint.java:268)
		at org.apache.tomcat.util.net.NioEndpoint.bind(NioEndpoint.java:223)
		at org.apache.tomcat.util.net.AbstractEndpoint.bindWithCleanup(AbstractEndpoint.java:1373)
		at org.apache.tomcat.util.net.AbstractEndpoint.init(AbstractEndpoint.java:1386)
		at org.apache.coyote.AbstractProtocol.init(AbstractProtocol.java:663)
		at org.apache.coyote.http11.AbstractHttp11Protocol.init(AbstractHttp11Protocol.java:80)
		at org.apache.catalina.connector.Connector.initInternal(Connector.java:1025)
		... 13 more
16-Dec-2024 11:42:28.551 INFO [main] org.apache.catalina.startup.Catalina.load Server initialization in [631] milliseconds
16-Dec-2024 11:42:28.582 INFO [main] org.apache.catalina.core.StandardService.startInternal Starting service [Catalina]
16-Dec-2024 11:42:28.582 INFO [main] org.apache.catalina.core.StandardEngine.startInternal Starting Servlet engine: [Apache Tomcat/9.0.98]
16-Dec-2024 11:42:28.589 INFO [main] org.apache.catalina.startup.HostConfig.deployDescriptor Deploying deployment descriptor [E:\web\Fawry\Week3\ServletTask\conf\Catalina\localhost\ROOT.xml]
16-Dec-2024 11:42:28.829 INFO [main] org.apache.jasper.servlet.TldScanner.scanJars At least one JAR was scanned for TLDs yet contained no TLDs. Enable debug logging for this logger for a complete list of JARs that were scanned but no TLDs were found in them. Skipping unneeded JARs during scanning can improve startup time and JSP compilation time.
16-Dec-2024 11:42:29.057 WARNING [main] org.apache.catalina.util.SessionIdGeneratorBase.createSecureRandom Creation of SecureRandom instance for session ID generation using [SHA1PRNG] took [196] milliseconds.
16-Dec-2024 11:42:29.073 INFO [main] org.apache.catalina.startup.HostConfig.deployDescriptor Deployment of deployment descriptor [E:\web\Fawry\Week3\ServletTask\conf\Catalina\localhost\ROOT.xml] has finished in [484] ms
16-Dec-2024 11:42:29.076 INFO [main] org.apache.catalina.startup.Catalina.start Server startup in [525] milliseconds
16-Dec-2024 11:43:24.569 INFO [Thread-2] org.apache.coyote.AbstractProtocol.pause Pausing ProtocolHandler ["http-nio-8080"]
16-Dec-2024 11:43:24.569 INFO [Thread-2] org.apache.catalina.core.StandardService.stopInternal Stopping service [Catalina]
16-Dec-2024 11:43:24.575 INFO [Thread-2] org.apache.coyote.AbstractProtocol.stop Stopping ProtocolHandler ["http-nio-8080"]
16-Dec-2024 11:43:24.576 INFO [Thread-2] org.apache.coyote.AbstractProtocol.destroy Destroying ProtocolHandler ["http-nio-8080"]
16-Dec-2024 11:44:41.287 INFO [main] org.apache.catalina.startup.VersionLoggerListener.log Server version name:   Apache Tomcat/9.0.98
16-Dec-2024 11:44:41.289 INFO [main] org.apache.catalina.startup.VersionLoggerListener.log Server built:          Dec 5 2024 19:50:29 UTC
16-Dec-2024 11:44:41.289 INFO [main] org.apache.catalina.startup.VersionLoggerListener.log Server version number: 9.0.98.0
16-Dec-2024 11:44:41.289 INFO [main] org.apache.catalina.startup.VersionLoggerListener.log OS Name:               Windows 11
16-Dec-2024 11:44:41.289 INFO [main] org.apache.catalina.startup.VersionLoggerListener.log OS Version:            10.0
16-Dec-2024 11:44:41.289 INFO [main] org.apache.catalina.startup.VersionLoggerListener.log Architecture:          amd64
16-Dec-2024 11:44:41.289 INFO [main] org.apache.catalina.startup.VersionLoggerListener.log Java Home:             C:\Users\DELL\.jdks\corretto-1.8.0_422\jre
16-Dec-2024 11:44:41.289 INFO [main] org.apache.catalina.startup.VersionLoggerListener.log JVM Version:           1.8.0_422-b05
16-Dec-2024 11:44:41.289 INFO [main] org.apache.catalina.startup.VersionLoggerListener.log JVM Vendor:            Amazon.com Inc.
16-Dec-2024 11:44:41.289 INFO [main] org.apache.catalina.startup.VersionLoggerListener.log CATALINA_BASE:         E:\web\Fawry\Week3\ServletTask
16-Dec-2024 11:44:41.289 INFO [main] org.apache.catalina.startup.VersionLoggerListener.log CATALINA_HOME:         C:\Users\DELL\Desktop\apache-tomcat-9.0.98
16-Dec-2024 11:44:41.291 INFO [main] org.apache.catalina.startup.VersionLoggerListener.log Command line argument: -Dcatalina.home=C:\Users\DELL\Desktop\apache-tomcat-9.0.98
16-Dec-2024 11:44:41.291 INFO [main] org.apache.catalina.startup.VersionLoggerListener.log Command line argument: -Dcatalina.base=E:\web\Fawry\Week3\ServletTask
16-Dec-2024 11:44:41.291 INFO [main] org.apache.catalina.startup.VersionLoggerListener.log Command line argument: -Djava.io.tmpdir=E:\web\Fawry\Week3\ServletTask\temp
16-Dec-2024 11:44:41.291 INFO [main] org.apache.catalina.startup.VersionLoggerListener.log Command line argument: -Djava.util.logging.config.file=E:\web\Fawry\Week3\ServletTask\conf\logging.properties
16-Dec-2024 11:44:41.291 INFO [main] org.apache.catalina.startup.VersionLoggerListener.log Command line argument: -Djava.util.logging.manager=org.apache.juli.ClassLoaderLogManager
16-Dec-2024 11:44:41.291 INFO [main] org.apache.catalina.startup.VersionLoggerListener.log Command line argument: -javaagent:C:\Program Files\JetBrains\IntelliJ IDEA Community Edition 2023.3.7\lib\idea_rt.jar=51132:C:\Program Files\JetBrains\IntelliJ IDEA Community Edition 2023.3.7\bin
16-Dec-2024 11:44:41.291 INFO [main] org.apache.catalina.startup.VersionLoggerListener.log Command line argument: -Dfile.encoding=UTF-8
16-Dec-2024 11:44:41.294 INFO [main] org.apache.catalina.core.AprLifecycleListener.lifecycleEvent Loaded Apache Tomcat Native library [1.3.1] using APR version [1.7.4].
16-Dec-2024 11:44:41.294 INFO [main] org.apache.catalina.core.AprLifecycleListener.lifecycleEvent APR capabilities: IPv6 [true], sendfile [true], accept filters [false], random [true], UDS [true].
16-Dec-2024 11:44:41.294 INFO [main] org.apache.catalina.core.AprLifecycleListener.lifecycleEvent APR/OpenSSL configuration: useAprConnector [false], useOpenSSL [true]
16-Dec-2024 11:44:41.299 INFO [main] org.apache.catalina.core.AprLifecycleListener.initializeSSL OpenSSL successfully initialized [OpenSSL 3.0.14 4 Jun 2024]
16-Dec-2024 11:44:41.578 INFO [main] org.apache.coyote.AbstractProtocol.init Initializing ProtocolHandler ["http-nio-8080"]
16-Dec-2024 11:44:41.597 INFO [main] org.apache.catalina.startup.Catalina.load Server initialization in [495] milliseconds
16-Dec-2024 11:44:41.637 INFO [main] org.apache.catalina.core.StandardService.startInternal Starting service [Catalina]
16-Dec-2024 11:44:41.637 INFO [main] org.apache.catalina.core.StandardEngine.startInternal Starting Servlet engine: [Apache Tomcat/9.0.98]
16-Dec-2024 11:44:41.644 INFO [main] org.apache.catalina.startup.HostConfig.deployDescriptor Deploying deployment descriptor [E:\web\Fawry\Week3\ServletTask\conf\Catalina\localhost\ROOT.xml]
16-Dec-2024 11:44:41.867 INFO [main] org.apache.jasper.servlet.TldScanner.scanJars At least one JAR was scanned for TLDs yet contained no TLDs. Enable debug logging for this logger for a complete list of JARs that were scanned but no TLDs were found in them. Skipping unneeded JARs during scanning can improve startup time and JSP compilation time.
16-Dec-2024 11:44:42.081 WARNING [main] org.apache.catalina.util.SessionIdGeneratorBase.createSecureRandom Creation of SecureRandom instance for session ID generation using [SHA1PRNG] took [186] milliseconds.
16-Dec-2024 11:44:42.094 INFO [main] org.apache.catalina.startup.HostConfig.deployDescriptor Deployment of deployment descriptor [E:\web\Fawry\Week3\ServletTask\conf\Catalina\localhost\ROOT.xml] has finished in [450] ms
16-Dec-2024 11:44:42.097 INFO [main] org.apache.coyote.AbstractProtocol.start Starting ProtocolHandler ["http-nio-8080"]
16-Dec-2024 11:44:42.112 INFO [main] org.apache.catalina.startup.Catalina.start Server startup in [515] milliseconds
16-Dec-2024 11:45:30.083 INFO [Thread-2] org.apache.coyote.AbstractProtocol.pause Pausing ProtocolHandler ["http-nio-8080"]
16-Dec-2024 11:45:30.315 INFO [Thread-2] org.apache.catalina.core.StandardService.stopInternal Stopping service [Catalina]
16-Dec-2024 11:45:30.321 INFO [Thread-2] org.apache.coyote.AbstractProtocol.stop Stopping ProtocolHandler ["http-nio-8080"]
16-Dec-2024 11:45:30.328 INFO [Thread-2] org.apache.coyote.AbstractProtocol.destroy Destroying ProtocolHandler ["http-nio-8080"]
