15-Dec-2024 16:00:16.703 INFO [main] org.apache.catalina.startup.VersionLoggerListener.log Server version name:   Apache Tomcat/9.0.98
15-Dec-2024 16:00:16.705 INFO [main] org.apache.catalina.startup.VersionLoggerListener.log Server built:          Dec 5 2024 19:50:29 UTC
15-Dec-2024 16:00:16.705 INFO [main] org.apache.catalina.startup.VersionLoggerListener.log Server version number: 9.0.98.0
15-Dec-2024 16:00:16.705 INFO [main] org.apache.catalina.startup.VersionLoggerListener.log OS Name:               Windows 11
15-Dec-2024 16:00:16.705 INFO [main] org.apache.catalina.startup.VersionLoggerListener.log OS Version:            10.0
15-Dec-2024 16:00:16.705 INFO [main] org.apache.catalina.startup.VersionLoggerListener.log Architecture:          amd64
15-Dec-2024 16:00:16.705 INFO [main] org.apache.catalina.startup.VersionLoggerListener.log Java Home:             C:\Users\DELL\.jdks\corretto-1.8.0_422\jre
15-Dec-2024 16:00:16.705 INFO [main] org.apache.catalina.startup.VersionLoggerListener.log JVM Version:           1.8.0_422-b05
15-Dec-2024 16:00:16.705 INFO [main] org.apache.catalina.startup.VersionLoggerListener.log JVM Vendor:            Amazon.com Inc.
15-Dec-2024 16:00:16.705 INFO [main] org.apache.catalina.startup.VersionLoggerListener.log CATALINA_BASE:         E:\web\Fawry\Week3\ServletTask
15-Dec-2024 16:00:16.705 INFO [main] org.apache.catalina.startup.VersionLoggerListener.log CATALINA_HOME:         C:\Users\DELL\Desktop\apache-tomcat-9.0.98
15-Dec-2024 16:00:16.706 INFO [main] org.apache.catalina.startup.VersionLoggerListener.log Command line argument: -Dcatalina.home=C:\Users\DELL\Desktop\apache-tomcat-9.0.98
15-Dec-2024 16:00:16.706 INFO [main] org.apache.catalina.startup.VersionLoggerListener.log Command line argument: -Dcatalina.base=E:\web\Fawry\Week3\ServletTask
15-Dec-2024 16:00:16.706 INFO [main] org.apache.catalina.startup.VersionLoggerListener.log Command line argument: -Djava.io.tmpdir=E:\web\Fawry\Week3\ServletTask\temp
15-Dec-2024 16:00:16.706 INFO [main] org.apache.catalina.startup.VersionLoggerListener.log Command line argument: -Djava.util.logging.config.file=E:\web\Fawry\Week3\ServletTask\conf\logging.properties
15-Dec-2024 16:00:16.706 INFO [main] org.apache.catalina.startup.VersionLoggerListener.log Command line argument: -Djava.util.logging.manager=org.apache.juli.ClassLoaderLogManager
15-Dec-2024 16:00:16.706 INFO [main] org.apache.catalina.startup.VersionLoggerListener.log Command line argument: -javaagent:C:\Program Files\JetBrains\IntelliJ IDEA Community Edition 2023.3.7\lib\idea_rt.jar=54207:C:\Program Files\JetBrains\IntelliJ IDEA Community Edition 2023.3.7\bin
15-Dec-2024 16:00:16.707 INFO [main] org.apache.catalina.startup.VersionLoggerListener.log Command line argument: -Dfile.encoding=UTF-8
15-Dec-2024 16:00:16.820 INFO [main] org.apache.catalina.core.AprLifecycleListener.lifecycleEvent Loaded Apache Tomcat Native library [1.3.1] using APR version [1.7.4].
15-Dec-2024 16:00:16.820 INFO [main] org.apache.catalina.core.AprLifecycleListener.lifecycleEvent APR capabilities: IPv6 [true], sendfile [true], accept filters [false], random [true], UDS [true].
15-Dec-2024 16:00:16.820 INFO [main] org.apache.catalina.core.AprLifecycleListener.lifecycleEvent APR/OpenSSL configuration: useAprConnector [false], useOpenSSL [true]
15-Dec-2024 16:00:16.825 INFO [main] org.apache.catalina.core.AprLifecycleListener.initializeSSL OpenSSL successfully initialized [OpenSSL 3.0.14 4 Jun 2024]
15-Dec-2024 16:00:17.056 INFO [main] org.apache.coyote.AbstractProtocol.init Initializing ProtocolHandler ["http-nio-8080"]
15-Dec-2024 16:00:17.069 INFO [main] org.apache.catalina.startup.Catalina.load Server initialization in [515] milliseconds
15-Dec-2024 16:00:17.101 INFO [main] org.apache.catalina.core.StandardService.startInternal Starting service [Catalina]
15-Dec-2024 16:00:17.101 INFO [main] org.apache.catalina.core.StandardEngine.startInternal Starting Servlet engine: [Apache Tomcat/9.0.98]
15-Dec-2024 16:00:17.108 INFO [main] org.apache.catalina.startup.HostConfig.deployDescriptor Deploying deployment descriptor [E:\web\Fawry\Week3\ServletTask\conf\Catalina\localhost\ROOT.xml]
15-Dec-2024 16:00:17.376 INFO [main] org.apache.jasper.servlet.TldScanner.scanJars At least one JAR was scanned for TLDs yet contained no TLDs. Enable debug logging for this logger for a complete list of JARs that were scanned but no TLDs were found in them. Skipping unneeded JARs during scanning can improve startup time and JSP compilation time.
15-Dec-2024 16:00:17.638 WARNING [main] org.apache.catalina.util.SessionIdGeneratorBase.createSecureRandom Creation of SecureRandom instance for session ID generation using [SHA1PRNG] took [242] milliseconds.
15-Dec-2024 16:00:17.651 INFO [main] org.apache.catalina.startup.HostConfig.deployDescriptor Deployment of deployment descriptor [E:\web\Fawry\Week3\ServletTask\conf\Catalina\localhost\ROOT.xml] has finished in [543] ms
15-Dec-2024 16:00:17.654 INFO [main] org.apache.coyote.AbstractProtocol.start Starting ProtocolHandler ["http-nio-8080"]
15-Dec-2024 16:00:17.666 INFO [main] org.apache.catalina.startup.Catalina.start Server startup in [596] milliseconds
15-Dec-2024 16:55:22.589 INFO [Thread-2] org.apache.coyote.AbstractProtocol.pause Pausing ProtocolHandler ["http-nio-8080"]
15-Dec-2024 16:55:22.896 INFO [Thread-2] org.apache.catalina.core.StandardService.stopInternal Stopping service [Catalina]
15-Dec-2024 16:55:22.905 INFO [Thread-2] org.apache.coyote.AbstractProtocol.stop Stopping ProtocolHandler ["http-nio-8080"]
15-Dec-2024 16:55:22.909 INFO [Thread-2] org.apache.coyote.AbstractProtocol.destroy Destroying ProtocolHandler ["http-nio-8080"]
15-Dec-2024 18:27:47.339 INFO [main] org.apache.catalina.startup.VersionLoggerListener.log Server version name:   Apache Tomcat/9.0.98
15-Dec-2024 18:27:47.341 INFO [main] org.apache.catalina.startup.VersionLoggerListener.log Server built:          Dec 5 2024 19:50:29 UTC
15-Dec-2024 18:27:47.341 INFO [main] org.apache.catalina.startup.VersionLoggerListener.log Server version number: 9.0.98.0
15-Dec-2024 18:27:47.341 INFO [main] org.apache.catalina.startup.VersionLoggerListener.log OS Name:               Windows 11
15-Dec-2024 18:27:47.341 INFO [main] org.apache.catalina.startup.VersionLoggerListener.log OS Version:            10.0
15-Dec-2024 18:27:47.341 INFO [main] org.apache.catalina.startup.VersionLoggerListener.log Architecture:          amd64
15-Dec-2024 18:27:47.341 INFO [main] org.apache.catalina.startup.VersionLoggerListener.log Java Home:             C:\Users\DELL\.jdks\corretto-1.8.0_422\jre
15-Dec-2024 18:27:47.341 INFO [main] org.apache.catalina.startup.VersionLoggerListener.log JVM Version:           1.8.0_422-b05
15-Dec-2024 18:27:47.342 INFO [main] org.apache.catalina.startup.VersionLoggerListener.log JVM Vendor:            Amazon.com Inc.
15-Dec-2024 18:27:47.342 INFO [main] org.apache.catalina.startup.VersionLoggerListener.log CATALINA_BASE:         E:\web\Fawry\Week3\ServletTask
15-Dec-2024 18:27:47.342 INFO [main] org.apache.catalina.startup.VersionLoggerListener.log CATALINA_HOME:         C:\Users\DELL\Desktop\apache-tomcat-9.0.98
15-Dec-2024 18:27:47.343 INFO [main] org.apache.catalina.startup.VersionLoggerListener.log Command line argument: -Dcatalina.home=C:\Users\DELL\Desktop\apache-tomcat-9.0.98
15-Dec-2024 18:27:47.344 INFO [main] org.apache.catalina.startup.VersionLoggerListener.log Command line argument: -Dcatalina.base=E:\web\Fawry\Week3\ServletTask
15-Dec-2024 18:27:47.344 INFO [main] org.apache.catalina.startup.VersionLoggerListener.log Command line argument: -Djava.io.tmpdir=E:\web\Fawry\Week3\ServletTask\temp
15-Dec-2024 18:27:47.344 INFO [main] org.apache.catalina.startup.VersionLoggerListener.log Command line argument: -Djava.util.logging.config.file=E:\web\Fawry\Week3\ServletTask\conf\logging.properties
15-Dec-2024 18:27:47.344 INFO [main] org.apache.catalina.startup.VersionLoggerListener.log Command line argument: -Djava.util.logging.manager=org.apache.juli.ClassLoaderLogManager
15-Dec-2024 18:27:47.344 INFO [main] org.apache.catalina.startup.VersionLoggerListener.log Command line argument: -javaagent:C:\Program Files\JetBrains\IntelliJ IDEA Community Edition 2023.3.7\lib\idea_rt.jar=56541:C:\Program Files\JetBrains\IntelliJ IDEA Community Edition 2023.3.7\bin
15-Dec-2024 18:27:47.344 INFO [main] org.apache.catalina.startup.VersionLoggerListener.log Command line argument: -Dfile.encoding=UTF-8
15-Dec-2024 18:27:47.347 INFO [main] org.apache.catalina.core.AprLifecycleListener.lifecycleEvent Loaded Apache Tomcat Native library [1.3.1] using APR version [1.7.4].
15-Dec-2024 18:27:47.347 INFO [main] org.apache.catalina.core.AprLifecycleListener.lifecycleEvent APR capabilities: IPv6 [true], sendfile [true], accept filters [false], random [true], UDS [true].
15-Dec-2024 18:27:47.347 INFO [main] org.apache.catalina.core.AprLifecycleListener.lifecycleEvent APR/OpenSSL configuration: useAprConnector [false], useOpenSSL [true]
15-Dec-2024 18:27:47.353 INFO [main] org.apache.catalina.core.AprLifecycleListener.initializeSSL OpenSSL successfully initialized [OpenSSL 3.0.14 4 Jun 2024]
15-Dec-2024 18:27:47.657 INFO [main] org.apache.coyote.AbstractProtocol.init Initializing ProtocolHandler ["http-nio-8080"]
15-Dec-2024 18:27:47.676 INFO [main] org.apache.catalina.startup.Catalina.load Server initialization in [542] milliseconds
15-Dec-2024 18:27:47.707 INFO [main] org.apache.catalina.core.StandardService.startInternal Starting service [Catalina]
15-Dec-2024 18:27:47.707 INFO [main] org.apache.catalina.core.StandardEngine.startInternal Starting Servlet engine: [Apache Tomcat/9.0.98]
15-Dec-2024 18:27:47.716 INFO [main] org.apache.catalina.startup.HostConfig.deployDescriptor Deploying deployment descriptor [E:\web\Fawry\Week3\ServletTask\conf\Catalina\localhost\ROOT.xml]
15-Dec-2024 18:27:47.977 INFO [main] org.apache.jasper.servlet.TldScanner.scanJars At least one JAR was scanned for TLDs yet contained no TLDs. Enable debug logging for this logger for a complete list of JARs that were scanned but no TLDs were found in them. Skipping unneeded JARs during scanning can improve startup time and JSP compilation time.
15-Dec-2024 18:27:48.245 WARNING [main] org.apache.catalina.util.SessionIdGeneratorBase.createSecureRandom Creation of SecureRandom instance for session ID generation using [SHA1PRNG] took [245] milliseconds.
15-Dec-2024 18:27:48.258 INFO [main] org.apache.catalina.startup.HostConfig.deployDescriptor Deployment of deployment descriptor [E:\web\Fawry\Week3\ServletTask\conf\Catalina\localhost\ROOT.xml] has finished in [542] ms
15-Dec-2024 18:27:48.261 INFO [main] org.apache.coyote.AbstractProtocol.start Starting ProtocolHandler ["http-nio-8080"]
15-Dec-2024 18:27:48.274 INFO [main] org.apache.catalina.startup.Catalina.start Server startup in [597] milliseconds
15-Dec-2024 20:24:53.168 INFO [Thread-2] org.apache.coyote.AbstractProtocol.pause Pausing ProtocolHandler ["http-nio-8080"]
15-Dec-2024 20:24:53.607 INFO [Thread-2] org.apache.catalina.core.StandardService.stopInternal Stopping service [Catalina]
15-Dec-2024 20:24:53.616 INFO [Thread-2] org.apache.coyote.AbstractProtocol.stop Stopping ProtocolHandler ["http-nio-8080"]
15-Dec-2024 20:24:53.633 INFO [Thread-2] org.apache.coyote.AbstractProtocol.destroy Destroying ProtocolHandler ["http-nio-8080"]
15-Dec-2024 20:25:00.304 INFO [main] org.apache.catalina.startup.VersionLoggerListener.log Server version name:   Apache Tomcat/9.0.98
15-Dec-2024 20:25:00.305 INFO [main] org.apache.catalina.startup.VersionLoggerListener.log Server built:          Dec 5 2024 19:50:29 UTC
15-Dec-2024 20:25:00.306 INFO [main] org.apache.catalina.startup.VersionLoggerListener.log Server version number: 9.0.98.0
15-Dec-2024 20:25:00.306 INFO [main] org.apache.catalina.startup.VersionLoggerListener.log OS Name:               Windows 11
15-Dec-2024 20:25:00.306 INFO [main] org.apache.catalina.startup.VersionLoggerListener.log OS Version:            10.0
15-Dec-2024 20:25:00.306 INFO [main] org.apache.catalina.startup.VersionLoggerListener.log Architecture:          amd64
15-Dec-2024 20:25:00.306 INFO [main] org.apache.catalina.startup.VersionLoggerListener.log Java Home:             C:\Users\DELL\.jdks\corretto-1.8.0_422\jre
15-Dec-2024 20:25:00.306 INFO [main] org.apache.catalina.startup.VersionLoggerListener.log JVM Version:           1.8.0_422-b05
15-Dec-2024 20:25:00.306 INFO [main] org.apache.catalina.startup.VersionLoggerListener.log JVM Vendor:            Amazon.com Inc.
15-Dec-2024 20:25:00.306 INFO [main] org.apache.catalina.startup.VersionLoggerListener.log CATALINA_BASE:         E:\web\Fawry\Week3\ServletTask
15-Dec-2024 20:25:00.306 INFO [main] org.apache.catalina.startup.VersionLoggerListener.log CATALINA_HOME:         C:\Users\DELL\Desktop\apache-tomcat-9.0.98
15-Dec-2024 20:25:00.308 INFO [main] org.apache.catalina.startup.VersionLoggerListener.log Command line argument: -Dcatalina.home=C:\Users\DELL\Desktop\apache-tomcat-9.0.98
15-Dec-2024 20:25:00.308 INFO [main] org.apache.catalina.startup.VersionLoggerListener.log Command line argument: -Dcatalina.base=E:\web\Fawry\Week3\ServletTask
15-Dec-2024 20:25:00.308 INFO [main] org.apache.catalina.startup.VersionLoggerListener.log Command line argument: -Djava.io.tmpdir=E:\web\Fawry\Week3\ServletTask\temp
15-Dec-2024 20:25:00.308 INFO [main] org.apache.catalina.startup.VersionLoggerListener.log Command line argument: -Djava.util.logging.config.file=E:\web\Fawry\Week3\ServletTask\conf\logging.properties
15-Dec-2024 20:25:00.308 INFO [main] org.apache.catalina.startup.VersionLoggerListener.log Command line argument: -Djava.util.logging.manager=org.apache.juli.ClassLoaderLogManager
15-Dec-2024 20:25:00.308 INFO [main] org.apache.catalina.startup.VersionLoggerListener.log Command line argument: -javaagent:C:\Program Files\JetBrains\IntelliJ IDEA Community Edition 2023.3.7\lib\idea_rt.jar=50659:C:\Program Files\JetBrains\IntelliJ IDEA Community Edition 2023.3.7\bin
15-Dec-2024 20:25:00.308 INFO [main] org.apache.catalina.startup.VersionLoggerListener.log Command line argument: -Dfile.encoding=UTF-8
15-Dec-2024 20:25:00.311 INFO [main] org.apache.catalina.core.AprLifecycleListener.lifecycleEvent Loaded Apache Tomcat Native library [1.3.1] using APR version [1.7.4].
15-Dec-2024 20:25:00.311 INFO [main] org.apache.catalina.core.AprLifecycleListener.lifecycleEvent APR capabilities: IPv6 [true], sendfile [true], accept filters [false], random [true], UDS [true].
15-Dec-2024 20:25:00.311 INFO [main] org.apache.catalina.core.AprLifecycleListener.lifecycleEvent APR/OpenSSL configuration: useAprConnector [false], useOpenSSL [true]
15-Dec-2024 20:25:00.317 INFO [main] org.apache.catalina.core.AprLifecycleListener.initializeSSL OpenSSL successfully initialized [OpenSSL 3.0.14 4 Jun 2024]
15-Dec-2024 20:25:00.604 INFO [main] org.apache.coyote.AbstractProtocol.init Initializing ProtocolHandler ["http-nio-8080"]
15-Dec-2024 20:25:00.623 INFO [main] org.apache.catalina.startup.Catalina.load Server initialization in [507] milliseconds
15-Dec-2024 20:25:00.654 INFO [main] org.apache.catalina.core.StandardService.startInternal Starting service [Catalina]
15-Dec-2024 20:25:00.654 INFO [main] org.apache.catalina.core.StandardEngine.startInternal Starting Servlet engine: [Apache Tomcat/9.0.98]
15-Dec-2024 20:25:00.661 INFO [main] org.apache.catalina.startup.HostConfig.deployDescriptor Deploying deployment descriptor [E:\web\Fawry\Week3\ServletTask\conf\Catalina\localhost\ROOT.xml]
15-Dec-2024 20:25:00.896 INFO [main] org.apache.jasper.servlet.TldScanner.scanJars At least one JAR was scanned for TLDs yet contained no TLDs. Enable debug logging for this logger for a complete list of JARs that were scanned but no TLDs were found in them. Skipping unneeded JARs during scanning can improve startup time and JSP compilation time.
15-Dec-2024 20:25:01.156 WARNING [main] org.apache.catalina.util.SessionIdGeneratorBase.createSecureRandom Creation of SecureRandom instance for session ID generation using [SHA1PRNG] took [237] milliseconds.
15-Dec-2024 20:25:01.168 INFO [main] org.apache.catalina.startup.HostConfig.deployDescriptor Deployment of deployment descriptor [E:\web\Fawry\Week3\ServletTask\conf\Catalina\localhost\ROOT.xml] has finished in [507] ms
15-Dec-2024 20:25:01.171 INFO [main] org.apache.coyote.AbstractProtocol.start Starting ProtocolHandler ["http-nio-8080"]
15-Dec-2024 20:25:01.184 INFO [main] org.apache.catalina.startup.Catalina.start Server startup in [561] milliseconds
15-Dec-2024 20:27:40.696 INFO [Thread-2] org.apache.coyote.AbstractProtocol.pause Pausing ProtocolHandler ["http-nio-8080"]
15-Dec-2024 20:27:41.119 INFO [Thread-2] org.apache.catalina.core.StandardService.stopInternal Stopping service [Catalina]
15-Dec-2024 20:27:41.126 INFO [Thread-2] org.apache.coyote.AbstractProtocol.stop Stopping ProtocolHandler ["http-nio-8080"]
15-Dec-2024 20:27:41.130 INFO [Thread-2] org.apache.coyote.AbstractProtocol.destroy Destroying ProtocolHandler ["http-nio-8080"]
15-Dec-2024 20:27:44.462 INFO [main] org.apache.catalina.startup.VersionLoggerListener.log Server version name:   Apache Tomcat/9.0.98
15-Dec-2024 20:27:44.463 INFO [main] org.apache.catalina.startup.VersionLoggerListener.log Server built:          Dec 5 2024 19:50:29 UTC
15-Dec-2024 20:27:44.464 INFO [main] org.apache.catalina.startup.VersionLoggerListener.log Server version number: 9.0.98.0
15-Dec-2024 20:27:44.464 INFO [main] org.apache.catalina.startup.VersionLoggerListener.log OS Name:               Windows 11
15-Dec-2024 20:27:44.464 INFO [main] org.apache.catalina.startup.VersionLoggerListener.log OS Version:            10.0
15-Dec-2024 20:27:44.464 INFO [main] org.apache.catalina.startup.VersionLoggerListener.log Architecture:          amd64
15-Dec-2024 20:27:44.464 INFO [main] org.apache.catalina.startup.VersionLoggerListener.log Java Home:             C:\Users\DELL\.jdks\corretto-1.8.0_422\jre
15-Dec-2024 20:27:44.464 INFO [main] org.apache.catalina.startup.VersionLoggerListener.log JVM Version:           1.8.0_422-b05
15-Dec-2024 20:27:44.464 INFO [main] org.apache.catalina.startup.VersionLoggerListener.log JVM Vendor:            Amazon.com Inc.
15-Dec-2024 20:27:44.464 INFO [main] org.apache.catalina.startup.VersionLoggerListener.log CATALINA_BASE:         E:\web\Fawry\Week3\ServletTask
15-Dec-2024 20:27:44.464 INFO [main] org.apache.catalina.startup.VersionLoggerListener.log CATALINA_HOME:         C:\Users\DELL\Desktop\apache-tomcat-9.0.98
15-Dec-2024 20:27:44.465 INFO [main] org.apache.catalina.startup.VersionLoggerListener.log Command line argument: -Dcatalina.home=C:\Users\DELL\Desktop\apache-tomcat-9.0.98
15-Dec-2024 20:27:44.466 INFO [main] org.apache.catalina.startup.VersionLoggerListener.log Command line argument: -Dcatalina.base=E:\web\Fawry\Week3\ServletTask
15-Dec-2024 20:27:44.466 INFO [main] org.apache.catalina.startup.VersionLoggerListener.log Command line argument: -Djava.io.tmpdir=E:\web\Fawry\Week3\ServletTask\temp
15-Dec-2024 20:27:44.466 INFO [main] org.apache.catalina.startup.VersionLoggerListener.log Command line argument: -Djava.util.logging.config.file=E:\web\Fawry\Week3\ServletTask\conf\logging.properties
15-Dec-2024 20:27:44.466 INFO [main] org.apache.catalina.startup.VersionLoggerListener.log Command line argument: -Djava.util.logging.manager=org.apache.juli.ClassLoaderLogManager
15-Dec-2024 20:27:44.466 INFO [main] org.apache.catalina.startup.VersionLoggerListener.log Command line argument: -javaagent:C:\Program Files\JetBrains\IntelliJ IDEA Community Edition 2023.3.7\lib\idea_rt.jar=50714:C:\Program Files\JetBrains\IntelliJ IDEA Community Edition 2023.3.7\bin
15-Dec-2024 20:27:44.466 INFO [main] org.apache.catalina.startup.VersionLoggerListener.log Command line argument: -Dfile.encoding=UTF-8
15-Dec-2024 20:27:44.469 INFO [main] org.apache.catalina.core.AprLifecycleListener.lifecycleEvent Loaded Apache Tomcat Native library [1.3.1] using APR version [1.7.4].
15-Dec-2024 20:27:44.469 INFO [main] org.apache.catalina.core.AprLifecycleListener.lifecycleEvent APR capabilities: IPv6 [true], sendfile [true], accept filters [false], random [true], UDS [true].
15-Dec-2024 20:27:44.469 INFO [main] org.apache.catalina.core.AprLifecycleListener.lifecycleEvent APR/OpenSSL configuration: useAprConnector [false], useOpenSSL [true]
15-Dec-2024 20:27:44.475 INFO [main] org.apache.catalina.core.AprLifecycleListener.initializeSSL OpenSSL successfully initialized [OpenSSL 3.0.14 4 Jun 2024]
15-Dec-2024 20:27:44.773 INFO [main] org.apache.coyote.AbstractProtocol.init Initializing ProtocolHandler ["http-nio-8080"]
15-Dec-2024 20:27:44.797 INFO [main] org.apache.catalina.startup.Catalina.load Server initialization in [527] milliseconds
15-Dec-2024 20:27:44.829 INFO [main] org.apache.catalina.core.StandardService.startInternal Starting service [Catalina]
15-Dec-2024 20:27:44.829 INFO [main] org.apache.catalina.core.StandardEngine.startInternal Starting Servlet engine: [Apache Tomcat/9.0.98]
15-Dec-2024 20:27:44.836 INFO [main] org.apache.catalina.startup.HostConfig.deployDescriptor Deploying deployment descriptor [E:\web\Fawry\Week3\ServletTask\conf\Catalina\localhost\ROOT.xml]
15-Dec-2024 20:27:45.077 INFO [main] org.apache.jasper.servlet.TldScanner.scanJars At least one JAR was scanned for TLDs yet contained no TLDs. Enable debug logging for this logger for a complete list of JARs that were scanned but no TLDs were found in them. Skipping unneeded JARs during scanning can improve startup time and JSP compilation time.
15-Dec-2024 20:27:45.335 WARNING [main] org.apache.catalina.util.SessionIdGeneratorBase.createSecureRandom Creation of SecureRandom instance for session ID generation using [SHA1PRNG] took [230] milliseconds.
15-Dec-2024 20:27:45.346 INFO [main] org.apache.catalina.startup.HostConfig.deployDescriptor Deployment of deployment descriptor [E:\web\Fawry\Week3\ServletTask\conf\Catalina\localhost\ROOT.xml] has finished in [510] ms
15-Dec-2024 20:27:45.349 INFO [main] org.apache.coyote.AbstractProtocol.start Starting ProtocolHandler ["http-nio-8080"]
15-Dec-2024 20:27:45.362 INFO [main] org.apache.catalina.startup.Catalina.start Server startup in [565] milliseconds
15-Dec-2024 20:31:06.359 INFO [Thread-2] org.apache.coyote.AbstractProtocol.pause Pausing ProtocolHandler ["http-nio-8080"]
15-Dec-2024 20:31:06.792 INFO [Thread-2] org.apache.catalina.core.StandardService.stopInternal Stopping service [Catalina]
15-Dec-2024 20:31:06.798 INFO [Thread-2] org.apache.coyote.AbstractProtocol.stop Stopping ProtocolHandler ["http-nio-8080"]
15-Dec-2024 20:31:06.801 INFO [Thread-2] org.apache.coyote.AbstractProtocol.destroy Destroying ProtocolHandler ["http-nio-8080"]
15-Dec-2024 20:31:11.628 INFO [main] org.apache.catalina.startup.VersionLoggerListener.log Server version name:   Apache Tomcat/9.0.98
15-Dec-2024 20:31:11.630 INFO [main] org.apache.catalina.startup.VersionLoggerListener.log Server built:          Dec 5 2024 19:50:29 UTC
15-Dec-2024 20:31:11.630 INFO [main] org.apache.catalina.startup.VersionLoggerListener.log Server version number: 9.0.98.0
15-Dec-2024 20:31:11.630 INFO [main] org.apache.catalina.startup.VersionLoggerListener.log OS Name:               Windows 11
15-Dec-2024 20:31:11.630 INFO [main] org.apache.catalina.startup.VersionLoggerListener.log OS Version:            10.0
15-Dec-2024 20:31:11.630 INFO [main] org.apache.catalina.startup.VersionLoggerListener.log Architecture:          amd64
15-Dec-2024 20:31:11.630 INFO [main] org.apache.catalina.startup.VersionLoggerListener.log Java Home:             C:\Users\DELL\.jdks\corretto-1.8.0_422\jre
15-Dec-2024 20:31:11.631 INFO [main] org.apache.catalina.startup.VersionLoggerListener.log JVM Version:           1.8.0_422-b05
15-Dec-2024 20:31:11.631 INFO [main] org.apache.catalina.startup.VersionLoggerListener.log JVM Vendor:            Amazon.com Inc.
15-Dec-2024 20:31:11.631 INFO [main] org.apache.catalina.startup.VersionLoggerListener.log CATALINA_BASE:         E:\web\Fawry\Week3\ServletTask
15-Dec-2024 20:31:11.631 INFO [main] org.apache.catalina.startup.VersionLoggerListener.log CATALINA_HOME:         C:\Users\DELL\Desktop\apache-tomcat-9.0.98
15-Dec-2024 20:31:11.632 INFO [main] org.apache.catalina.startup.VersionLoggerListener.log Command line argument: -Dcatalina.home=C:\Users\DELL\Desktop\apache-tomcat-9.0.98
15-Dec-2024 20:31:11.632 INFO [main] org.apache.catalina.startup.VersionLoggerListener.log Command line argument: -Dcatalina.base=E:\web\Fawry\Week3\ServletTask
15-Dec-2024 20:31:11.632 INFO [main] org.apache.catalina.startup.VersionLoggerListener.log Command line argument: -Djava.io.tmpdir=E:\web\Fawry\Week3\ServletTask\temp
15-Dec-2024 20:31:11.632 INFO [main] org.apache.catalina.startup.VersionLoggerListener.log Command line argument: -Djava.util.logging.config.file=E:\web\Fawry\Week3\ServletTask\conf\logging.properties
15-Dec-2024 20:31:11.632 INFO [main] org.apache.catalina.startup.VersionLoggerListener.log Command line argument: -Djava.util.logging.manager=org.apache.juli.ClassLoaderLogManager
15-Dec-2024 20:31:11.632 INFO [main] org.apache.catalina.startup.VersionLoggerListener.log Command line argument: -javaagent:C:\Program Files\JetBrains\IntelliJ IDEA Community Edition 2023.3.7\lib\idea_rt.jar=50738:C:\Program Files\JetBrains\IntelliJ IDEA Community Edition 2023.3.7\bin
15-Dec-2024 20:31:11.632 INFO [main] org.apache.catalina.startup.VersionLoggerListener.log Command line argument: -Dfile.encoding=UTF-8
15-Dec-2024 20:31:11.635 INFO [main] org.apache.catalina.core.AprLifecycleListener.lifecycleEvent Loaded Apache Tomcat Native library [1.3.1] using APR version [1.7.4].
15-Dec-2024 20:31:11.635 INFO [main] org.apache.catalina.core.AprLifecycleListener.lifecycleEvent APR capabilities: IPv6 [true], sendfile [true], accept filters [false], random [true], UDS [true].
15-Dec-2024 20:31:11.635 INFO [main] org.apache.catalina.core.AprLifecycleListener.lifecycleEvent APR/OpenSSL configuration: useAprConnector [false], useOpenSSL [true]
15-Dec-2024 20:31:11.640 INFO [main] org.apache.catalina.core.AprLifecycleListener.initializeSSL OpenSSL successfully initialized [OpenSSL 3.0.14 4 Jun 2024]
15-Dec-2024 20:31:11.922 INFO [main] org.apache.coyote.AbstractProtocol.init Initializing ProtocolHandler ["http-nio-8080"]
15-Dec-2024 20:31:11.940 INFO [main] org.apache.catalina.startup.Catalina.load Server initialization in [493] milliseconds
15-Dec-2024 20:31:11.972 INFO [main] org.apache.catalina.core.StandardService.startInternal Starting service [Catalina]
15-Dec-2024 20:31:11.972 INFO [main] org.apache.catalina.core.StandardEngine.startInternal Starting Servlet engine: [Apache Tomcat/9.0.98]
15-Dec-2024 20:31:11.980 INFO [main] org.apache.catalina.startup.HostConfig.deployDescriptor Deploying deployment descriptor [E:\web\Fawry\Week3\ServletTask\conf\Catalina\localhost\ROOT.xml]
15-Dec-2024 20:31:12.231 INFO [main] org.apache.jasper.servlet.TldScanner.scanJars At least one JAR was scanned for TLDs yet contained no TLDs. Enable debug logging for this logger for a complete list of JARs that were scanned but no TLDs were found in them. Skipping unneeded JARs during scanning can improve startup time and JSP compilation time.
15-Dec-2024 20:31:12.494 WARNING [main] org.apache.catalina.util.SessionIdGeneratorBase.createSecureRandom Creation of SecureRandom instance for session ID generation using [SHA1PRNG] took [237] milliseconds.
15-Dec-2024 20:31:12.507 INFO [main] org.apache.catalina.startup.HostConfig.deployDescriptor Deployment of deployment descriptor [E:\web\Fawry\Week3\ServletTask\conf\Catalina\localhost\ROOT.xml] has finished in [527] ms
15-Dec-2024 20:31:12.511 INFO [main] org.apache.coyote.AbstractProtocol.start Starting ProtocolHandler ["http-nio-8080"]
15-Dec-2024 20:31:12.524 INFO [main] org.apache.catalina.startup.Catalina.start Server startup in [583] milliseconds
15-Dec-2024 20:50:06.346 INFO [Thread-2] org.apache.coyote.AbstractProtocol.pause Pausing ProtocolHandler ["http-nio-8080"]
15-Dec-2024 20:50:06.782 INFO [Thread-2] org.apache.catalina.core.StandardService.stopInternal Stopping service [Catalina]
15-Dec-2024 20:50:06.789 INFO [Thread-2] org.apache.coyote.AbstractProtocol.stop Stopping ProtocolHandler ["http-nio-8080"]
15-Dec-2024 20:50:06.792 INFO [Thread-2] org.apache.coyote.AbstractProtocol.destroy Destroying ProtocolHandler ["http-nio-8080"]
15-Dec-2024 20:50:13.089 INFO [main] org.apache.catalina.startup.VersionLoggerListener.log Server version name:   Apache Tomcat/9.0.98
15-Dec-2024 20:50:13.090 INFO [main] org.apache.catalina.startup.VersionLoggerListener.log Server built:          Dec 5 2024 19:50:29 UTC
15-Dec-2024 20:50:13.091 INFO [main] org.apache.catalina.startup.VersionLoggerListener.log Server version number: 9.0.98.0
15-Dec-2024 20:50:13.091 INFO [main] org.apache.catalina.startup.VersionLoggerListener.log OS Name:               Windows 11
15-Dec-2024 20:50:13.091 INFO [main] org.apache.catalina.startup.VersionLoggerListener.log OS Version:            10.0
15-Dec-2024 20:50:13.091 INFO [main] org.apache.catalina.startup.VersionLoggerListener.log Architecture:          amd64
15-Dec-2024 20:50:13.091 INFO [main] org.apache.catalina.startup.VersionLoggerListener.log Java Home:             C:\Users\DELL\.jdks\corretto-1.8.0_422\jre
15-Dec-2024 20:50:13.091 INFO [main] org.apache.catalina.startup.VersionLoggerListener.log JVM Version:           1.8.0_422-b05
15-Dec-2024 20:50:13.091 INFO [main] org.apache.catalina.startup.VersionLoggerListener.log JVM Vendor:            Amazon.com Inc.
15-Dec-2024 20:50:13.091 INFO [main] org.apache.catalina.startup.VersionLoggerListener.log CATALINA_BASE:         E:\web\Fawry\Week3\ServletTask
15-Dec-2024 20:50:13.091 INFO [main] org.apache.catalina.startup.VersionLoggerListener.log CATALINA_HOME:         C:\Users\DELL\Desktop\apache-tomcat-9.0.98
15-Dec-2024 20:50:13.092 INFO [main] org.apache.catalina.startup.VersionLoggerListener.log Command line argument: -Dcatalina.home=C:\Users\DELL\Desktop\apache-tomcat-9.0.98
15-Dec-2024 20:50:13.092 INFO [main] org.apache.catalina.startup.VersionLoggerListener.log Command line argument: -Dcatalina.base=E:\web\Fawry\Week3\ServletTask
15-Dec-2024 20:50:13.092 INFO [main] org.apache.catalina.startup.VersionLoggerListener.log Command line argument: -Djava.io.tmpdir=E:\web\Fawry\Week3\ServletTask\temp
15-Dec-2024 20:50:13.092 INFO [main] org.apache.catalina.startup.VersionLoggerListener.log Command line argument: -Djava.util.logging.config.file=E:\web\Fawry\Week3\ServletTask\conf\logging.properties
15-Dec-2024 20:50:13.092 INFO [main] org.apache.catalina.startup.VersionLoggerListener.log Command line argument: -Djava.util.logging.manager=org.apache.juli.ClassLoaderLogManager
15-Dec-2024 20:50:13.093 INFO [main] org.apache.catalina.startup.VersionLoggerListener.log Command line argument: -javaagent:C:\Program Files\JetBrains\IntelliJ IDEA Community Edition 2023.3.7\lib\idea_rt.jar=50792:C:\Program Files\JetBrains\IntelliJ IDEA Community Edition 2023.3.7\bin
15-Dec-2024 20:50:13.093 INFO [main] org.apache.catalina.startup.VersionLoggerListener.log Command line argument: -Dfile.encoding=UTF-8
15-Dec-2024 20:50:13.095 INFO [main] org.apache.catalina.core.AprLifecycleListener.lifecycleEvent Loaded Apache Tomcat Native library [1.3.1] using APR version [1.7.4].
15-Dec-2024 20:50:13.095 INFO [main] org.apache.catalina.core.AprLifecycleListener.lifecycleEvent APR capabilities: IPv6 [true], sendfile [true], accept filters [false], random [true], UDS [true].
15-Dec-2024 20:50:13.095 INFO [main] org.apache.catalina.core.AprLifecycleListener.lifecycleEvent APR/OpenSSL configuration: useAprConnector [false], useOpenSSL [true]
15-Dec-2024 20:50:13.102 INFO [main] org.apache.catalina.core.AprLifecycleListener.initializeSSL OpenSSL successfully initialized [OpenSSL 3.0.14 4 Jun 2024]
15-Dec-2024 20:50:13.393 INFO [main] org.apache.coyote.AbstractProtocol.init Initializing ProtocolHandler ["http-nio-8080"]
15-Dec-2024 20:50:13.411 INFO [main] org.apache.catalina.startup.Catalina.load Server initialization in [494] milliseconds
15-Dec-2024 20:50:13.443 INFO [main] org.apache.catalina.core.StandardService.startInternal Starting service [Catalina]
15-Dec-2024 20:50:13.444 INFO [main] org.apache.catalina.core.StandardEngine.startInternal Starting Servlet engine: [Apache Tomcat/9.0.98]
15-Dec-2024 20:50:13.451 INFO [main] org.apache.catalina.startup.HostConfig.deployDescriptor Deploying deployment descriptor [E:\web\Fawry\Week3\ServletTask\conf\Catalina\localhost\ROOT.xml]
15-Dec-2024 20:50:13.698 INFO [main] org.apache.jasper.servlet.TldScanner.scanJars At least one JAR was scanned for TLDs yet contained no TLDs. Enable debug logging for this logger for a complete list of JARs that were scanned but no TLDs were found in them. Skipping unneeded JARs during scanning can improve startup time and JSP compilation time.
15-Dec-2024 20:50:13.968 WARNING [main] org.apache.catalina.util.SessionIdGeneratorBase.createSecureRandom Creation of SecureRandom instance for session ID generation using [SHA1PRNG] took [245] milliseconds.
15-Dec-2024 20:50:13.980 INFO [main] org.apache.catalina.startup.HostConfig.deployDescriptor Deployment of deployment descriptor [E:\web\Fawry\Week3\ServletTask\conf\Catalina\localhost\ROOT.xml] has finished in [529] ms
15-Dec-2024 20:50:13.983 INFO [main] org.apache.coyote.AbstractProtocol.start Starting ProtocolHandler ["http-nio-8080"]
15-Dec-2024 20:50:13.996 INFO [main] org.apache.catalina.startup.Catalina.start Server startup in [585] milliseconds
15-Dec-2024 20:59:26.865 INFO [Thread-2] org.apache.coyote.AbstractProtocol.pause Pausing ProtocolHandler ["http-nio-8080"]
15-Dec-2024 20:59:27.299 INFO [Thread-2] org.apache.catalina.core.StandardService.stopInternal Stopping service [Catalina]
15-Dec-2024 20:59:27.306 INFO [Thread-2] org.apache.coyote.AbstractProtocol.stop Stopping ProtocolHandler ["http-nio-8080"]
15-Dec-2024 20:59:27.311 INFO [Thread-2] org.apache.coyote.AbstractProtocol.destroy Destroying ProtocolHandler ["http-nio-8080"]
15-Dec-2024 20:59:33.641 INFO [main] org.apache.catalina.startup.VersionLoggerListener.log Server version name:   Apache Tomcat/9.0.98
15-Dec-2024 20:59:33.643 INFO [main] org.apache.catalina.startup.VersionLoggerListener.log Server built:          Dec 5 2024 19:50:29 UTC
15-Dec-2024 20:59:33.643 INFO [main] org.apache.catalina.startup.VersionLoggerListener.log Server version number: 9.0.98.0
15-Dec-2024 20:59:33.643 INFO [main] org.apache.catalina.startup.VersionLoggerListener.log OS Name:               Windows 11
15-Dec-2024 20:59:33.643 INFO [main] org.apache.catalina.startup.VersionLoggerListener.log OS Version:            10.0
15-Dec-2024 20:59:33.643 INFO [main] org.apache.catalina.startup.VersionLoggerListener.log Architecture:          amd64
15-Dec-2024 20:59:33.643 INFO [main] org.apache.catalina.startup.VersionLoggerListener.log Java Home:             C:\Users\DELL\.jdks\corretto-1.8.0_422\jre
15-Dec-2024 20:59:33.643 INFO [main] org.apache.catalina.startup.VersionLoggerListener.log JVM Version:           1.8.0_422-b05
15-Dec-2024 20:59:33.643 INFO [main] org.apache.catalina.startup.VersionLoggerListener.log JVM Vendor:            Amazon.com Inc.
15-Dec-2024 20:59:33.643 INFO [main] org.apache.catalina.startup.VersionLoggerListener.log CATALINA_BASE:         E:\web\Fawry\Week3\ServletTask
15-Dec-2024 20:59:33.643 INFO [main] org.apache.catalina.startup.VersionLoggerListener.log CATALINA_HOME:         C:\Users\DELL\Desktop\apache-tomcat-9.0.98
15-Dec-2024 20:59:33.645 INFO [main] org.apache.catalina.startup.VersionLoggerListener.log Command line argument: -Dcatalina.home=C:\Users\DELL\Desktop\apache-tomcat-9.0.98
15-Dec-2024 20:59:33.645 INFO [main] org.apache.catalina.startup.VersionLoggerListener.log Command line argument: -Dcatalina.base=E:\web\Fawry\Week3\ServletTask
15-Dec-2024 20:59:33.645 INFO [main] org.apache.catalina.startup.VersionLoggerListener.log Command line argument: -Djava.io.tmpdir=E:\web\Fawry\Week3\ServletTask\temp
15-Dec-2024 20:59:33.645 INFO [main] org.apache.catalina.startup.VersionLoggerListener.log Command line argument: -Djava.util.logging.config.file=E:\web\Fawry\Week3\ServletTask\conf\logging.properties
15-Dec-2024 20:59:33.645 INFO [main] org.apache.catalina.startup.VersionLoggerListener.log Command line argument: -Djava.util.logging.manager=org.apache.juli.ClassLoaderLogManager
15-Dec-2024 20:59:33.645 INFO [main] org.apache.catalina.startup.VersionLoggerListener.log Command line argument: -javaagent:C:\Program Files\JetBrains\IntelliJ IDEA Community Edition 2023.3.7\lib\idea_rt.jar=50855:C:\Program Files\JetBrains\IntelliJ IDEA Community Edition 2023.3.7\bin
15-Dec-2024 20:59:33.645 INFO [main] org.apache.catalina.startup.VersionLoggerListener.log Command line argument: -Dfile.encoding=UTF-8
15-Dec-2024 20:59:33.647 INFO [main] org.apache.catalina.core.AprLifecycleListener.lifecycleEvent Loaded Apache Tomcat Native library [1.3.1] using APR version [1.7.4].
15-Dec-2024 20:59:33.648 INFO [main] org.apache.catalina.core.AprLifecycleListener.lifecycleEvent APR capabilities: IPv6 [true], sendfile [true], accept filters [false], random [true], UDS [true].
15-Dec-2024 20:59:33.648 INFO [main] org.apache.catalina.core.AprLifecycleListener.lifecycleEvent APR/OpenSSL configuration: useAprConnector [false], useOpenSSL [true]
15-Dec-2024 20:59:33.653 INFO [main] org.apache.catalina.core.AprLifecycleListener.initializeSSL OpenSSL successfully initialized [OpenSSL 3.0.14 4 Jun 2024]
15-Dec-2024 20:59:33.952 INFO [main] org.apache.coyote.AbstractProtocol.init Initializing ProtocolHandler ["http-nio-8080"]
15-Dec-2024 20:59:33.970 INFO [main] org.apache.catalina.startup.Catalina.load Server initialization in [494] milliseconds
15-Dec-2024 20:59:34.002 INFO [main] org.apache.catalina.core.StandardService.startInternal Starting service [Catalina]
15-Dec-2024 20:59:34.002 INFO [main] org.apache.catalina.core.StandardEngine.startInternal Starting Servlet engine: [Apache Tomcat/9.0.98]
15-Dec-2024 20:59:34.010 INFO [main] org.apache.catalina.startup.HostConfig.deployDescriptor Deploying deployment descriptor [E:\web\Fawry\Week3\ServletTask\conf\Catalina\localhost\ROOT.xml]
15-Dec-2024 20:59:34.249 INFO [main] org.apache.jasper.servlet.TldScanner.scanJars At least one JAR was scanned for TLDs yet contained no TLDs. Enable debug logging for this logger for a complete list of JARs that were scanned but no TLDs were found in them. Skipping unneeded JARs during scanning can improve startup time and JSP compilation time.
15-Dec-2024 20:59:34.505 WARNING [main] org.apache.catalina.util.SessionIdGeneratorBase.createSecureRandom Creation of SecureRandom instance for session ID generation using [SHA1PRNG] took [234] milliseconds.
15-Dec-2024 20:59:34.517 INFO [main] org.apache.catalina.startup.HostConfig.deployDescriptor Deployment of deployment descriptor [E:\web\Fawry\Week3\ServletTask\conf\Catalina\localhost\ROOT.xml] has finished in [507] ms
15-Dec-2024 20:59:34.521 INFO [main] org.apache.coyote.AbstractProtocol.start Starting ProtocolHandler ["http-nio-8080"]
15-Dec-2024 20:59:34.533 INFO [main] org.apache.catalina.startup.Catalina.start Server startup in [562] milliseconds
15-Dec-2024 21:02:54.329 INFO [Thread-2] org.apache.coyote.AbstractProtocol.pause Pausing ProtocolHandler ["http-nio-8080"]
15-Dec-2024 21:02:54.767 INFO [Thread-2] org.apache.catalina.core.StandardService.stopInternal Stopping service [Catalina]
15-Dec-2024 21:02:54.774 INFO [Thread-2] org.apache.coyote.AbstractProtocol.stop Stopping ProtocolHandler ["http-nio-8080"]
15-Dec-2024 21:02:54.775 INFO [Thread-2] org.apache.coyote.AbstractProtocol.destroy Destroying ProtocolHandler ["http-nio-8080"]
15-Dec-2024 21:03:18.581 INFO [main] org.apache.catalina.startup.VersionLoggerListener.log Server version name:   Apache Tomcat/9.0.98
15-Dec-2024 21:03:18.583 INFO [main] org.apache.catalina.startup.VersionLoggerListener.log Server built:          Dec 5 2024 19:50:29 UTC
15-Dec-2024 21:03:18.583 INFO [main] org.apache.catalina.startup.VersionLoggerListener.log Server version number: 9.0.98.0
15-Dec-2024 21:03:18.583 INFO [main] org.apache.catalina.startup.VersionLoggerListener.log OS Name:               Windows 11
15-Dec-2024 21:03:18.583 INFO [main] org.apache.catalina.startup.VersionLoggerListener.log OS Version:            10.0
15-Dec-2024 21:03:18.584 INFO [main] org.apache.catalina.startup.VersionLoggerListener.log Architecture:          amd64
15-Dec-2024 21:03:18.584 INFO [main] org.apache.catalina.startup.VersionLoggerListener.log Java Home:             C:\Users\DELL\.jdks\corretto-1.8.0_422\jre
15-Dec-2024 21:03:18.584 INFO [main] org.apache.catalina.startup.VersionLoggerListener.log JVM Version:           1.8.0_422-b05
15-Dec-2024 21:03:18.584 INFO [main] org.apache.catalina.startup.VersionLoggerListener.log JVM Vendor:            Amazon.com Inc.
15-Dec-2024 21:03:18.584 INFO [main] org.apache.catalina.startup.VersionLoggerListener.log CATALINA_BASE:         E:\web\Fawry\Week3\ServletTask
15-Dec-2024 21:03:18.584 INFO [main] org.apache.catalina.startup.VersionLoggerListener.log CATALINA_HOME:         C:\Users\DELL\Desktop\apache-tomcat-9.0.98
15-Dec-2024 21:03:18.586 INFO [main] org.apache.catalina.startup.VersionLoggerListener.log Command line argument: -Dcatalina.home=C:\Users\DELL\Desktop\apache-tomcat-9.0.98
15-Dec-2024 21:03:18.586 INFO [main] org.apache.catalina.startup.VersionLoggerListener.log Command line argument: -Dcatalina.base=E:\web\Fawry\Week3\ServletTask
15-Dec-2024 21:03:18.586 INFO [main] org.apache.catalina.startup.VersionLoggerListener.log Command line argument: -Djava.io.tmpdir=E:\web\Fawry\Week3\ServletTask\temp
15-Dec-2024 21:03:18.586 INFO [main] org.apache.catalina.startup.VersionLoggerListener.log Command line argument: -Djava.util.logging.config.file=E:\web\Fawry\Week3\ServletTask\conf\logging.properties
15-Dec-2024 21:03:18.586 INFO [main] org.apache.catalina.startup.VersionLoggerListener.log Command line argument: -Djava.util.logging.manager=org.apache.juli.ClassLoaderLogManager
15-Dec-2024 21:03:18.586 INFO [main] org.apache.catalina.startup.VersionLoggerListener.log Command line argument: -javaagent:C:\Program Files\JetBrains\IntelliJ IDEA Community Edition 2023.3.7\lib\idea_rt.jar=50941:C:\Program Files\JetBrains\IntelliJ IDEA Community Edition 2023.3.7\bin
15-Dec-2024 21:03:18.586 INFO [main] org.apache.catalina.startup.VersionLoggerListener.log Command line argument: -Dfile.encoding=UTF-8
15-Dec-2024 21:03:18.589 INFO [main] org.apache.catalina.core.AprLifecycleListener.lifecycleEvent Loaded Apache Tomcat Native library [1.3.1] using APR version [1.7.4].
15-Dec-2024 21:03:18.589 INFO [main] org.apache.catalina.core.AprLifecycleListener.lifecycleEvent APR capabilities: IPv6 [true], sendfile [true], accept filters [false], random [true], UDS [true].
15-Dec-2024 21:03:18.589 INFO [main] org.apache.catalina.core.AprLifecycleListener.lifecycleEvent APR/OpenSSL configuration: useAprConnector [false], useOpenSSL [true]
15-Dec-2024 21:03:18.596 INFO [main] org.apache.catalina.core.AprLifecycleListener.initializeSSL OpenSSL successfully initialized [OpenSSL 3.0.14 4 Jun 2024]
15-Dec-2024 21:03:19.007 INFO [main] org.apache.coyote.AbstractProtocol.init Initializing ProtocolHandler ["http-nio-8080"]
15-Dec-2024 21:03:19.039 INFO [main] org.apache.catalina.startup.Catalina.load Server initialization in [644] milliseconds
15-Dec-2024 21:03:19.089 INFO [main] org.apache.catalina.core.StandardService.startInternal Starting service [Catalina]
15-Dec-2024 21:03:19.089 INFO [main] org.apache.catalina.core.StandardEngine.startInternal Starting Servlet engine: [Apache Tomcat/9.0.98]
15-Dec-2024 21:03:19.098 INFO [main] org.apache.catalina.startup.HostConfig.deployDescriptor Deploying deployment descriptor [E:\web\Fawry\Week3\ServletTask\conf\Catalina\localhost\ROOT.xml]
15-Dec-2024 21:03:19.443 INFO [main] org.apache.jasper.servlet.TldScanner.scanJars At least one JAR was scanned for TLDs yet contained no TLDs. Enable debug logging for this logger for a complete list of JARs that were scanned but no TLDs were found in them. Skipping unneeded JARs during scanning can improve startup time and JSP compilation time.
15-Dec-2024 21:03:19.739 WARNING [main] org.apache.catalina.util.SessionIdGeneratorBase.createSecureRandom Creation of SecureRandom instance for session ID generation using [SHA1PRNG] took [263] milliseconds.
15-Dec-2024 21:03:19.756 INFO [main] org.apache.catalina.startup.HostConfig.deployDescriptor Deployment of deployment descriptor [E:\web\Fawry\Week3\ServletTask\conf\Catalina\localhost\ROOT.xml] has finished in [657] ms
15-Dec-2024 21:03:19.760 INFO [main] org.apache.coyote.AbstractProtocol.start Starting ProtocolHandler ["http-nio-8080"]
15-Dec-2024 21:03:19.778 INFO [main] org.apache.catalina.startup.Catalina.start Server startup in [738] milliseconds
15-Dec-2024 21:33:12.718 INFO [Thread-2] org.apache.coyote.AbstractProtocol.pause Pausing ProtocolHandler ["http-nio-8080"]
15-Dec-2024 21:33:13.165 INFO [Thread-2] org.apache.catalina.core.StandardService.stopInternal Stopping service [Catalina]
15-Dec-2024 21:33:13.172 INFO [Thread-2] org.apache.coyote.AbstractProtocol.stop Stopping ProtocolHandler ["http-nio-8080"]
15-Dec-2024 21:33:13.175 INFO [Thread-2] org.apache.coyote.AbstractProtocol.destroy Destroying ProtocolHandler ["http-nio-8080"]
